Unity Editor version:    2021.3.15f1 (e8e88683f834)
Branch:                  2021.3/staging
Build type:              Release
Batch mode:              YES
macOS version:           Version 13.0.1 (Build 22A400)
Darwin version:          22.1.0
Architecture:            x86_64
Running under Rosetta:   NO
Available memory:        16384 MB
Using pre-set license
Pro License: YES

COMMAND LINE ARGUMENTS:
/Volumes/SSDSamSung/development/unity3d/2021.3.15f1/Unity.app/Contents/MacOS/Unity
-adb2
-batchMode
-noUpm
-name
AssetImportWorker0
-projectPath
/Volumes/SSDSamSung/development/project_unity
-logFile
Logs/AssetImportWorker0.log
-srvPort
58450
Successfully changed project path to: /Volumes/SSDSamSung/development/project_unity
/Volumes/SSDSamSung/development/project_unity
[UnityMemory] Configuration Parameters - Can be set up in boot.config
    "memorysetup-bucket-allocator-granularity=16"
    "memorysetup-bucket-allocator-bucket-count=8"
    "memorysetup-bucket-allocator-block-size=33554432"
    "memorysetup-bucket-allocator-block-count=8"
    "memorysetup-main-allocator-block-size=16777216"
    "memorysetup-thread-allocator-block-size=16777216"
    "memorysetup-gfx-main-allocator-block-size=16777216"
    "memorysetup-gfx-thread-allocator-block-size=16777216"
    "memorysetup-cache-allocator-block-size=4194304"
    "memorysetup-typetree-allocator-block-size=2097152"
    "memorysetup-profiler-bucket-allocator-granularity=16"
    "memorysetup-profiler-bucket-allocator-bucket-count=8"
    "memorysetup-profiler-bucket-allocator-block-size=33554432"
    "memorysetup-profiler-bucket-allocator-block-count=8"
    "memorysetup-profiler-allocator-block-size=16777216"
    "memorysetup-profiler-editor-allocator-block-size=1048576"
    "memorysetup-temp-allocator-size-main=16777216"
    "memorysetup-job-temp-allocator-block-size=2097152"
    "memorysetup-job-temp-allocator-block-size-background=1048576"
    "memorysetup-job-temp-allocator-reduction-small-platforms=262144"
    "memorysetup-temp-allocator-size-background-worker=32768"
    "memorysetup-temp-allocator-size-job-worker=262144"
    "memorysetup-temp-allocator-size-preload-manager=33554432"
    "memorysetup-temp-allocator-size-nav-mesh-worker=65536"
    "memorysetup-temp-allocator-size-audio-worker=65536"
    "memorysetup-temp-allocator-size-cloud-worker=32768"
    "memorysetup-temp-allocator-size-gi-baking-worker=262144"
    "memorysetup-temp-allocator-size-gfx=262144"
Player connection [140704389227712] Host "[IP] 192.168.11.109 [Port] 0 [Flags] 2 [Guid] 3634680864 [EditorId] 3634680864 [Version] 1048832 [Id] OSXEditor(0,Synies-MacBook-Pro.local) [Debug] 1 [PackageName] OSXEditor [ProjectName] Editor" joined multi-casting on [225.0.0.222:54997]...

Player connection [140704389227712] Host "[IP] 192.168.11.109 [Port] 0 [Flags] 2 [Guid] 3634680864 [EditorId] 3634680864 [Version] 1048832 [Id] OSXEditor(0,Synies-MacBook-Pro.local) [Debug] 1 [PackageName] OSXEditor [ProjectName] Editor" joined alternative multi-casting on [225.0.0.222:34997]...

Refreshing native plugins compatible for Editor in 273.92 ms, found 4 plugins.
Preloading 0 native plugins for Editor in 0.00 ms.
Initialize engine version: 2021.3.15f1 (e8e88683f834)
[Subsystems] Discovering subsystems at path /Volumes/SSDSamSung/development/unity3d/2021.3.15f1/Unity.app/Contents/Resources/UnitySubsystems
[Subsystems] Discovering subsystems at path /Volumes/SSDSamSung/development/project_unity/Assets
GfxDevice: creating device client; threaded=0; jobified=0
Color LCD preferred device: AMD Radeon Pro 555 (high power)
Metal devices available: 2
0: AMD Radeon Pro 555 (high power)
1: Intel(R) HD Graphics 630 (low power)
Using device AMD Radeon Pro 555 (high power)
Initializing Metal device caps: AMD Radeon Pro 555
Initialize mono
Mono path[0] = '/Volumes/SSDSamSung/development/unity3d/2021.3.15f1/Unity.app/Contents/Managed'
Mono path[1] = '/Volumes/SSDSamSung/development/unity3d/2021.3.15f1/Unity.app/Contents/MonoBleedingEdge/lib/mono/unityjit-macos'
Mono config path = '/Volumes/SSDSamSung/development/unity3d/2021.3.15f1/Unity.app/Contents/MonoBleedingEdge/etc'
Using monoOptions --debugger-agent=transport=dt_socket,embedding=1,server=y,suspend=n,address=127.0.0.1:56172
Begin MonoManager ReloadAssembly
Registering precompiled unity dll's ...
Register platform support module: /Volumes/SSDSamSung/development/unity3d/2021.3.15f1/PlaybackEngines/WebGLSupport/UnityEditor.WebGL.Extensions.dll
Register platform support module: /Volumes/SSDSamSung/development/unity3d/2021.3.15f1/Unity.app/Contents/PlaybackEngines/MacStandaloneSupport/UnityEditor.OSXStandalone.Extensions.dll
Registered in 0.003659 seconds.
Native extension for OSXStandalone target not found
Native extension for WebGL target not found
Refreshing native plugins compatible for Editor in 241.16 ms, found 4 plugins.
Preloading 0 native plugins for Editor in 0.00 ms.
Mono: successfully reloaded assembly
- Completed reload, in  1.424 seconds
Domain Reload Profiling:
	ReloadAssembly (1425ms)
		BeginReloadAssembly (292ms)
			ExecutionOrderSort (0ms)
			DisableScriptedObjects (0ms)
			BackupInstance (0ms)
			ReleaseScriptingObjects (0ms)
			CreateAndSetChildDomain (1ms)
		EndReloadAssembly (958ms)
			LoadAssemblies (293ms)
			RebuildTransferFunctionScriptingTraits (0ms)
			SetupTypeCache (183ms)
			ReleaseScriptCaches (0ms)
			RebuildScriptCaches (51ms)
			SetupLoadedEditorAssemblies (645ms)
				LogAssemblyErrors (0ms)
				InitializePlatformSupportModulesInManaged (10ms)
				SetLoadedEditorAssemblies (0ms)
				RefreshPlugins (241ms)
				BeforeProcessingInitializeOnLoad (2ms)
				ProcessInitializeOnLoadAttributes (315ms)
				ProcessInitializeOnLoadMethodAttributes (76ms)
				AfterProcessingInitializeOnLoad (0ms)
				EditorAssembliesLoaded (0ms)
			ExecutionOrderSort2 (0ms)
			AwakeInstancesAfterBackupRestoration (0ms)
Platform modules already initialized, skipping
Registering precompiled user dll's ...
Registered in 0.005665 seconds.
Begin MonoManager ReloadAssembly
Symbol file LoadedFromMemory doesn't match image /Volumes/SSDSamSung/development/project_unity/Library/PackageCache/com.unity.visualscripting@1.7.8/Editor/VisualScripting.Core/Dependencies/YamlDotNet/Unity.VisualScripting.YamlDotNet.dll
Symbol file LoadedFromMemory doesn't match image /Volumes/SSDSamSung/development/project_unity/Library/PackageCache/com.unity.visualscripting@1.7.8/Editor/VisualScripting.Core/Dependencies/DotNetZip/Unity.VisualScripting.IonicZip.dll
Native extension for OSXStandalone target not found
Native extension for WebGL target not found
Refreshing native plugins compatible for Editor in 259.03 ms, found 4 plugins.
Preloading 0 native plugins for Editor in 0.00 ms.
Mono: successfully reloaded assembly
- Completed reload, in  2.847 seconds
Domain Reload Profiling:
	ReloadAssembly (2849ms)
		BeginReloadAssembly (151ms)
			ExecutionOrderSort (0ms)
			DisableScriptedObjects (8ms)
			BackupInstance (0ms)
			ReleaseScriptingObjects (0ms)
			CreateAndSetChildDomain (35ms)
		EndReloadAssembly (2504ms)
			LoadAssemblies (245ms)
			RebuildTransferFunctionScriptingTraits (0ms)
			SetupTypeCache (660ms)
			ReleaseScriptCaches (1ms)
			RebuildScriptCaches (215ms)
			SetupLoadedEditorAssemblies (1264ms)
				LogAssemblyErrors (0ms)
				InitializePlatformSupportModulesInManaged (7ms)
				SetLoadedEditorAssemblies (0ms)
				RefreshPlugins (259ms)
				BeforeProcessingInitializeOnLoad (210ms)
				ProcessInitializeOnLoadAttributes (703ms)
				ProcessInitializeOnLoadMethodAttributes (80ms)
				AfterProcessingInitializeOnLoad (5ms)
				EditorAssembliesLoaded (0ms)
			ExecutionOrderSort2 (0ms)
			AwakeInstancesAfterBackupRestoration (8ms)
Platform modules already initialized, skipping
========================================================================
Worker process is ready to serve import requests
Launching external process: /Volumes/SSDSamSung/development/unity3d/2021.3.15f1/Unity.app/Contents/Tools/UnityShaderCompiler
Launched and connected shader compiler UnityShaderCompiler after 0.11 seconds
Refreshing native plugins compatible for Editor in 1.73 ms, found 4 plugins.
Preloading 0 native plugins for Editor in 0.00 ms.
Unloading 7843 Unused Serialized files (Serialized files now loaded: 0)
Unloading 174 unused Assets / (9.5 MB). Loaded Objects now: 8188.
Memory consumption went from 306.5 MB to 296.9 MB.
Total: 10.702782 ms (FindLiveObjects: 0.713133 ms CreateObjectMapping: 0.900555 ms MarkObjects: 5.575674 ms  DeleteObjects: 3.511864 ms)

AssetImportParameters requested are different than current active one (requested -> active):
  custom:video-decoder-ogg-theora: a1e56fd34408186e4bbccfd4996cb3dc -> 
  custom:container-muxer-webm: aa71ff27fc2769a1b78a27578f13a17b -> 
  custom:container-demuxer-webm: 4f35f7cbe854078d1ac9338744f61a02 -> 
  custom:video-encoder-webm-vp8: eb34c28f22e8b96e1ab97ce403110664 -> 
  custom:framework-osx-AVFoundation: e770b220cccbd017edd2c1fefb359320 -> 
  custom:audio-encoder-webm-vorbis: bf7c407c2cedff20999df2af8eb42d56 -> 
  custom:container-demuxer-ogg: 62fdf1f143b41e24485cea50d1cbac27 -> 
  custom:video-decoder-webm-vp8: 9c59270c3fd7afecdb556c50c9e8de78 -> 
  custom:audio-decoder-ogg-vorbis: bf7c407c2cedff20999df2af8eb42d56 -> 
========================================================================
Received Import Request.
  Time since last request: 4822.044444 seconds.
  path: Assets/scenes/Projectile Projection 3D
  artifactKey: Guid(493337b252fb64e5ebccc00df10df8b8) Importer(815301076,1909f56bfc062723c751e8b465ee728b)
Start importing Assets/scenes/Projectile Projection 3D using Guid(493337b252fb64e5ebccc00df10df8b8) Importer(815301076,1909f56bfc062723c751e8b465ee728b)  -> (artifact id: '03c0928fd84a6024b9bbcdb7dbcf3cb8') in 0.023736 seconds 
========================================================================
Received Import Request.
  Time since last request: 43.161925 seconds.
  path: Assets/scripts/Projectile Projection 3D
  artifactKey: Guid(1c0a000040cf84c458e29aa51fcc6e99) Importer(815301076,1909f56bfc062723c751e8b465ee728b)
Start importing Assets/scripts/Projectile Projection 3D using Guid(1c0a000040cf84c458e29aa51fcc6e99) Importer(815301076,1909f56bfc062723c751e8b465ee728b)  -> (artifact id: '4de7b3e2738b466348e1b9694e06e7ab') in 0.001395 seconds 
========================================================================
Received Prepare
Registering precompiled user dll's ...
Registered in 0.005469 seconds.
Begin MonoManager ReloadAssembly
Symbol file LoadedFromMemory doesn't match image /Volumes/SSDSamSung/development/project_unity/Library/PackageCache/com.unity.visualscripting@1.7.8/Editor/VisualScripting.Core/Dependencies/YamlDotNet/Unity.VisualScripting.YamlDotNet.dll
Symbol file LoadedFromMemory doesn't match image /Volumes/SSDSamSung/development/project_unity/Library/PackageCache/com.unity.visualscripting@1.7.8/Editor/VisualScripting.Core/Dependencies/DotNetZip/Unity.VisualScripting.IonicZip.dll
Native extension for OSXStandalone target not found
Native extension for WebGL target not found
Refreshing native plugins compatible for Editor in 1.57 ms, found 4 plugins.
Preloading 0 native plugins for Editor in 0.00 ms.
Mono: successfully reloaded assembly
- Completed reload, in  2.471 seconds
Domain Reload Profiling:
	ReloadAssembly (2472ms)
		BeginReloadAssembly (304ms)
			ExecutionOrderSort (0ms)
			DisableScriptedObjects (10ms)
			BackupInstance (0ms)
			ReleaseScriptingObjects (0ms)
			CreateAndSetChildDomain (142ms)
		EndReloadAssembly (2024ms)
			LoadAssemblies (241ms)
			RebuildTransferFunctionScriptingTraits (1ms)
			SetupTypeCache (618ms)
			ReleaseScriptCaches (3ms)
			RebuildScriptCaches (143ms)
			SetupLoadedEditorAssemblies (959ms)
				LogAssemblyErrors (0ms)
				InitializePlatformSupportModulesInManaged (14ms)
				SetLoadedEditorAssemblies (1ms)
				RefreshPlugins (2ms)
				BeforeProcessingInitializeOnLoad (159ms)
				ProcessInitializeOnLoadAttributes (709ms)
				ProcessInitializeOnLoadMethodAttributes (66ms)
				AfterProcessingInitializeOnLoad (8ms)
				EditorAssembliesLoaded (0ms)
			ExecutionOrderSort2 (0ms)
			AwakeInstancesAfterBackupRestoration (13ms)
Platform modules already initialized, skipping
Refreshing native plugins compatible for Editor in 5.64 ms, found 4 plugins.
Preloading 0 native plugins for Editor in 0.00 ms.
Unloading 7669 Unused Serialized files (Serialized files now loaded: 0)
Unloading 147 unused Assets / (9.5 MB). Loaded Objects now: 8207.
Memory consumption went from 283.7 MB to 274.2 MB.
Total: 10.167549 ms (FindLiveObjects: 1.026761 ms CreateObjectMapping: 1.310966 ms MarkObjects: 5.011023 ms  DeleteObjects: 2.817406 ms)

AssetImportParameters requested are different than current active one (requested -> active):
  custom:video-decoder-ogg-theora: a1e56fd34408186e4bbccfd4996cb3dc -> 
  custom:container-muxer-webm: aa71ff27fc2769a1b78a27578f13a17b -> 
  custom:container-demuxer-webm: 4f35f7cbe854078d1ac9338744f61a02 -> 
  custom:video-encoder-webm-vp8: eb34c28f22e8b96e1ab97ce403110664 -> 
  custom:framework-osx-AVFoundation: e770b220cccbd017edd2c1fefb359320 -> 
  custom:audio-encoder-webm-vorbis: bf7c407c2cedff20999df2af8eb42d56 -> 
  custom:container-demuxer-ogg: 62fdf1f143b41e24485cea50d1cbac27 -> 
  custom:video-decoder-webm-vp8: 9c59270c3fd7afecdb556c50c9e8de78 -> 
  custom:audio-decoder-ogg-vorbis: bf7c407c2cedff20999df2af8eb42d56 -> 
========================================================================
Received Import Request.
  Time since last request: 53.860276 seconds.
  path: Assets/materials/Projectile Projection 3D
  artifactKey: Guid(63737f63d7fe048daa173a7910c5aef4) Importer(815301076,1909f56bfc062723c751e8b465ee728b)
Start importing Assets/materials/Projectile Projection 3D using Guid(63737f63d7fe048daa173a7910c5aef4) Importer(815301076,1909f56bfc062723c751e8b465ee728b)  -> (artifact id: '25f8038511b8ef12fba79ed3087bd1b0') in 0.020567 seconds 
========================================================================
Received Import Request.
  Time since last request: 47.623535 seconds.
  path: Assets/prefabs/Projectile Projection 3D
  artifactKey: Guid(1bbb3979c7b114a998a384a7be7c3b28) Importer(815301076,1909f56bfc062723c751e8b465ee728b)
Start importing Assets/prefabs/Projectile Projection 3D using Guid(1bbb3979c7b114a998a384a7be7c3b28) Importer(815301076,1909f56bfc062723c751e8b465ee728b)  -> (artifact id: '9ecf95b3f6fc5d33bb7dd27094918a7c') in 0.001161 seconds 
========================================================================
Received Import Request.
  Time since last request: 56.433895 seconds.
  path: Assets/scenes/Projectile Projection 3D/Cannon.fbx
  artifactKey: Guid(2be08bca75f095844b4dfafea9880d2d) Importer(815301076,1909f56bfc062723c751e8b465ee728b)
Start importing Assets/scenes/Projectile Projection 3D/Cannon.fbx using Guid(2be08bca75f095844b4dfafea9880d2d) Importer(815301076,1909f56bfc062723c751e8b465ee728b)  -> (artifact id: '17432b0be96398be364bc410964b73ce') in 0.449950 seconds 
========================================================================
Received Import Request.
  Time since last request: 6.768220 seconds.
  path: Assets/scenes/Projectile Projection 3D/SampleScene.unity
  artifactKey: Guid(9fc0d4010bbf28b4594072e72b8655ab) Importer(815301076,1909f56bfc062723c751e8b465ee728b)
Start importing Assets/scenes/Projectile Projection 3D/SampleScene.unity using Guid(9fc0d4010bbf28b4594072e72b8655ab) Importer(815301076,1909f56bfc062723c751e8b465ee728b)  -> (artifact id: 'ebf891dede8ccbaa976280fe1200904c') in 0.002538 seconds 
========================================================================
Received Prepare
Registering precompiled user dll's ...
Registered in 0.006562 seconds.
Begin MonoManager ReloadAssembly
Symbol file LoadedFromMemory doesn't match image /Volumes/SSDSamSung/development/project_unity/Library/PackageCache/com.unity.visualscripting@1.7.8/Editor/VisualScripting.Core/Dependencies/YamlDotNet/Unity.VisualScripting.YamlDotNet.dll
Symbol file LoadedFromMemory doesn't match image /Volumes/SSDSamSung/development/project_unity/Library/PackageCache/com.unity.visualscripting@1.7.8/Editor/VisualScripting.Core/Dependencies/DotNetZip/Unity.VisualScripting.IonicZip.dll
Native extension for OSXStandalone target not found
Native extension for WebGL target not found
Refreshing native plugins compatible for Editor in 2.18 ms, found 4 plugins.
Preloading 0 native plugins for Editor in 0.00 ms.
Mono: successfully reloaded assembly
- Completed reload, in  3.014 seconds
Domain Reload Profiling:
	ReloadAssembly (3015ms)
		BeginReloadAssembly (332ms)
			ExecutionOrderSort (0ms)
			DisableScriptedObjects (14ms)
			BackupInstance (0ms)
			ReleaseScriptingObjects (0ms)
			CreateAndSetChildDomain (152ms)
		EndReloadAssembly (2512ms)
			LoadAssemblies (300ms)
			RebuildTransferFunctionScriptingTraits (0ms)
			SetupTypeCache (780ms)
			ReleaseScriptCaches (3ms)
			RebuildScriptCaches (188ms)
			SetupLoadedEditorAssemblies (1165ms)
				LogAssemblyErrors (0ms)
				InitializePlatformSupportModulesInManaged (20ms)
				SetLoadedEditorAssemblies (1ms)
				RefreshPlugins (2ms)
				BeforeProcessingInitializeOnLoad (191ms)
				ProcessInitializeOnLoadAttributes (866ms)
				ProcessInitializeOnLoadMethodAttributes (81ms)
				AfterProcessingInitializeOnLoad (4ms)
				EditorAssembliesLoaded (0ms)
			ExecutionOrderSort2 (0ms)
			AwakeInstancesAfterBackupRestoration (15ms)
Platform modules already initialized, skipping
Refreshing native plugins compatible for Editor in 6.05 ms, found 4 plugins.
Preloading 0 native plugins for Editor in 0.00 ms.
Unloading 7669 Unused Serialized files (Serialized files now loaded: 0)
Unloading 147 unused Assets / (9.5 MB). Loaded Objects now: 8234.
Memory consumption went from 354.7 MB to 345.2 MB.
Total: 11.454465 ms (FindLiveObjects: 1.265671 ms CreateObjectMapping: 1.480255 ms MarkObjects: 5.752214 ms  DeleteObjects: 2.953202 ms)

AssetImportParameters requested are different than current active one (requested -> active):
  custom:video-decoder-ogg-theora: a1e56fd34408186e4bbccfd4996cb3dc -> 
  custom:container-muxer-webm: aa71ff27fc2769a1b78a27578f13a17b -> 
  custom:container-demuxer-webm: 4f35f7cbe854078d1ac9338744f61a02 -> 
  custom:video-encoder-webm-vp8: eb34c28f22e8b96e1ab97ce403110664 -> 
  custom:framework-osx-AVFoundation: e770b220cccbd017edd2c1fefb359320 -> 
  custom:audio-encoder-webm-vorbis: bf7c407c2cedff20999df2af8eb42d56 -> 
  custom:container-demuxer-ogg: 62fdf1f143b41e24485cea50d1cbac27 -> 
  custom:video-decoder-webm-vp8: 9c59270c3fd7afecdb556c50c9e8de78 -> 
  custom:audio-decoder-ogg-vorbis: bf7c407c2cedff20999df2af8eb42d56 -> 
========================================================================
Received Import Request.
  Time since last request: 60.989432 seconds.
  path: Assets/scenes/Projectile Projection 3D/ProjectileProjection3D.unity
  artifactKey: Guid(9fc0d4010bbf28b4594072e72b8655ab) Importer(815301076,1909f56bfc062723c751e8b465ee728b)
Start importing Assets/scenes/Projectile Projection 3D/ProjectileProjection3D.unity using Guid(9fc0d4010bbf28b4594072e72b8655ab) Importer(815301076,1909f56bfc062723c751e8b465ee728b)  -> (artifact id: 'a6e3b9fcd8ec03a08a1e7a47aeee0183') in 0.019240 seconds 
========================================================================
Received Import Request.
  Time since last request: 40.918369 seconds.
  path: Assets/materials/Projectile Projection 3D/PixelPallet.png
  artifactKey: Guid(19be2bc30e8225a418107c16d644b7ae) Importer(815301076,1909f56bfc062723c751e8b465ee728b)
Start importing Assets/materials/Projectile Projection 3D/PixelPallet.png using Guid(19be2bc30e8225a418107c16d644b7ae) Importer(815301076,1909f56bfc062723c751e8b465ee728b)  -> (artifact id: '43a8d916a117e94ad7bd6d4d2067ac14') in 0.215529 seconds 
========================================================================
Received Import Request.
  Time since last request: 7.088759 seconds.
  path: Assets/materials/Projectile Projection 3D/Projectile Projection 3D PixelPallet.png
  artifactKey: Guid(19be2bc30e8225a418107c16d644b7ae) Importer(815301076,1909f56bfc062723c751e8b465ee728b)
Start importing Assets/materials/Projectile Projection 3D/Projectile Projection 3D PixelPallet.png using Guid(19be2bc30e8225a418107c16d644b7ae) Importer(815301076,1909f56bfc062723c751e8b465ee728b)  -> (artifact id: 'cc6458d2ce3402025687e5b1bc175737') in 0.029892 seconds 
========================================================================
Received Prepare
Registering precompiled user dll's ...
Registered in 0.005014 seconds.
Begin MonoManager ReloadAssembly
Symbol file LoadedFromMemory doesn't match image /Volumes/SSDSamSung/development/project_unity/Library/PackageCache/com.unity.visualscripting@1.7.8/Editor/VisualScripting.Core/Dependencies/YamlDotNet/Unity.VisualScripting.YamlDotNet.dll
Symbol file LoadedFromMemory doesn't match image /Volumes/SSDSamSung/development/project_unity/Library/PackageCache/com.unity.visualscripting@1.7.8/Editor/VisualScripting.Core/Dependencies/DotNetZip/Unity.VisualScripting.IonicZip.dll
Native extension for OSXStandalone target not found
Native extension for WebGL target not found
Refreshing native plugins compatible for Editor in 1.87 ms, found 4 plugins.
Preloading 0 native plugins for Editor in 0.00 ms.
Mono: successfully reloaded assembly
- Completed reload, in  2.613 seconds
Domain Reload Profiling:
	ReloadAssembly (2614ms)
		BeginReloadAssembly (351ms)
			ExecutionOrderSort (0ms)
			DisableScriptedObjects (12ms)
			BackupInstance (0ms)
			ReleaseScriptingObjects (0ms)
			CreateAndSetChildDomain (154ms)
		EndReloadAssembly (2088ms)
			LoadAssemblies (241ms)
			RebuildTransferFunctionScriptingTraits (0ms)
			SetupTypeCache (726ms)
			ReleaseScriptCaches (4ms)
			RebuildScriptCaches (183ms)
			SetupLoadedEditorAssemblies (915ms)
				LogAssemblyErrors (0ms)
				InitializePlatformSupportModulesInManaged (14ms)
				SetLoadedEditorAssemblies (1ms)
				RefreshPlugins (2ms)
				BeforeProcessingInitializeOnLoad (178ms)
				ProcessInitializeOnLoadAttributes (654ms)
				ProcessInitializeOnLoadMethodAttributes (63ms)
				AfterProcessingInitializeOnLoad (3ms)
				EditorAssembliesLoaded (0ms)
			ExecutionOrderSort2 (0ms)
			AwakeInstancesAfterBackupRestoration (9ms)
Platform modules already initialized, skipping
Refreshing native plugins compatible for Editor in 4.14 ms, found 4 plugins.
Preloading 0 native plugins for Editor in 0.00 ms.
Unloading 7669 Unused Serialized files (Serialized files now loaded: 0)
Unloading 147 unused Assets / (9.5 MB). Loaded Objects now: 8252.
Memory consumption went from 423.5 MB to 414.0 MB.
Total: 9.709271 ms (FindLiveObjects: 0.745806 ms CreateObjectMapping: 1.075061 ms MarkObjects: 5.265140 ms  DeleteObjects: 2.621671 ms)

AssetImportParameters requested are different than current active one (requested -> active):
  custom:video-decoder-ogg-theora: a1e56fd34408186e4bbccfd4996cb3dc -> 
  custom:container-muxer-webm: aa71ff27fc2769a1b78a27578f13a17b -> 
  custom:container-demuxer-webm: 4f35f7cbe854078d1ac9338744f61a02 -> 
  custom:video-encoder-webm-vp8: eb34c28f22e8b96e1ab97ce403110664 -> 
  custom:framework-osx-AVFoundation: e770b220cccbd017edd2c1fefb359320 -> 
  custom:audio-encoder-webm-vorbis: bf7c407c2cedff20999df2af8eb42d56 -> 
  custom:container-demuxer-ogg: 62fdf1f143b41e24485cea50d1cbac27 -> 
  custom:video-decoder-webm-vp8: 9c59270c3fd7afecdb556c50c9e8de78 -> 
  custom:audio-decoder-ogg-vorbis: bf7c407c2cedff20999df2af8eb42d56 -> 
========================================================================
Received Prepare
Registering precompiled user dll's ...
Registered in 0.004430 seconds.
Begin MonoManager ReloadAssembly
Symbol file LoadedFromMemory doesn't match image /Volumes/SSDSamSung/development/project_unity/Library/PackageCache/com.unity.visualscripting@1.7.8/Editor/VisualScripting.Core/Dependencies/YamlDotNet/Unity.VisualScripting.YamlDotNet.dll
Symbol file LoadedFromMemory doesn't match image /Volumes/SSDSamSung/development/project_unity/Library/PackageCache/com.unity.visualscripting@1.7.8/Editor/VisualScripting.Core/Dependencies/DotNetZip/Unity.VisualScripting.IonicZip.dll
Native extension for OSXStandalone target not found
Native extension for WebGL target not found
Refreshing native plugins compatible for Editor in 2.96 ms, found 4 plugins.
Preloading 0 native plugins for Editor in 0.00 ms.
Mono: successfully reloaded assembly
- Completed reload, in  2.747 seconds
Domain Reload Profiling:
	ReloadAssembly (2749ms)
		BeginReloadAssembly (233ms)
			ExecutionOrderSort (0ms)
			DisableScriptedObjects (10ms)
			BackupInstance (0ms)
			ReleaseScriptingObjects (0ms)
			CreateAndSetChildDomain (103ms)
		EndReloadAssembly (2321ms)
			LoadAssemblies (165ms)
			RebuildTransferFunctionScriptingTraits (0ms)
			SetupTypeCache (735ms)
			ReleaseScriptCaches (5ms)
			RebuildScriptCaches (199ms)
			SetupLoadedEditorAssemblies (1093ms)
				LogAssemblyErrors (0ms)
				InitializePlatformSupportModulesInManaged (17ms)
				SetLoadedEditorAssemblies (1ms)
				RefreshPlugins (3ms)
				BeforeProcessingInitializeOnLoad (200ms)
				ProcessInitializeOnLoadAttributes (787ms)
				ProcessInitializeOnLoadMethodAttributes (80ms)
				AfterProcessingInitializeOnLoad (4ms)
				EditorAssembliesLoaded (0ms)
			ExecutionOrderSort2 (0ms)
			AwakeInstancesAfterBackupRestoration (12ms)
Platform modules already initialized, skipping
Refreshing native plugins compatible for Editor in 4.48 ms, found 4 plugins.
Preloading 0 native plugins for Editor in 0.00 ms.
Unloading 7669 Unused Serialized files (Serialized files now loaded: 0)
Unloading 147 unused Assets / (9.5 MB). Loaded Objects now: 8268.
Memory consumption went from 418.2 MB to 408.7 MB.
Total: 11.197464 ms (FindLiveObjects: 0.780021 ms CreateObjectMapping: 0.980558 ms MarkObjects: 5.580753 ms  DeleteObjects: 3.855022 ms)

AssetImportParameters requested are different than current active one (requested -> active):
  custom:video-decoder-ogg-theora: a1e56fd34408186e4bbccfd4996cb3dc -> 
  custom:container-muxer-webm: aa71ff27fc2769a1b78a27578f13a17b -> 
  custom:container-demuxer-webm: 4f35f7cbe854078d1ac9338744f61a02 -> 
  custom:video-encoder-webm-vp8: eb34c28f22e8b96e1ab97ce403110664 -> 
  custom:framework-osx-AVFoundation: e770b220cccbd017edd2c1fefb359320 -> 
  custom:audio-encoder-webm-vorbis: bf7c407c2cedff20999df2af8eb42d56 -> 
  custom:container-demuxer-ogg: 62fdf1f143b41e24485cea50d1cbac27 -> 
  custom:video-decoder-webm-vp8: 9c59270c3fd7afecdb556c50c9e8de78 -> 
  custom:audio-decoder-ogg-vorbis: bf7c407c2cedff20999df2af8eb42d56 -> 
========================================================================
Received Import Request.
  Time since last request: 77.277726 seconds.
  path: Assets/scenes/Projectile Projection 3D/Cannon.fbx
  artifactKey: Guid(2be08bca75f095844b4dfafea9880d2d) Importer(815301076,1909f56bfc062723c751e8b465ee728b)
Start importing Assets/scenes/Projectile Projection 3D/Cannon.fbx using Guid(2be08bca75f095844b4dfafea9880d2d) Importer(815301076,1909f56bfc062723c751e8b465ee728b)  -> (artifact id: '929845484c6ee52eb02bebf5f341fd3d') in 0.136663 seconds 
========================================================================
Received Import Request.
  Time since last request: 4.908119 seconds.
  path: Assets/scenes/Projectile Projection 3D/Projectile Projection 3D Cannon.fbx
  artifactKey: Guid(2be08bca75f095844b4dfafea9880d2d) Importer(815301076,1909f56bfc062723c751e8b465ee728b)
Start importing Assets/scenes/Projectile Projection 3D/Projectile Projection 3D Cannon.fbx using Guid(2be08bca75f095844b4dfafea9880d2d) Importer(815301076,1909f56bfc062723c751e8b465ee728b)  -> (artifact id: 'cbb437e7d89d5ad6cabffeb89f837fd9') in 0.058862 seconds 
========================================================================
Received Import Request.
  Time since last request: 0.896695 seconds.
  path: Assets/scenes/Projectile Projection 3D/Glow.anim
  artifactKey: Guid(627517be4edf59646a06f9e887a05df9) Importer(815301076,1909f56bfc062723c751e8b465ee728b)
Start importing Assets/scenes/Projectile Projection 3D/Glow.anim using Guid(627517be4edf59646a06f9e887a05df9) Importer(815301076,1909f56bfc062723c751e8b465ee728b)  -> (artifact id: '3a0fa703f5b80b6a40bbe384278bd885') in 0.115348 seconds 
========================================================================
Received Import Request.
  Time since last request: 4.079457 seconds.
  path: Assets/scenes/Projectile Projection 3D/Projectile Projection 3D Glow.anim
  artifactKey: Guid(627517be4edf59646a06f9e887a05df9) Importer(815301076,1909f56bfc062723c751e8b465ee728b)
Start importing Assets/scenes/Projectile Projection 3D/Projectile Projection 3D Glow.anim using Guid(627517be4edf59646a06f9e887a05df9) Importer(815301076,1909f56bfc062723c751e8b465ee728b)  -> (artifact id: '36269cfdc7da8289835687c387adc617') in 0.003843 seconds 
========================================================================
Received Import Request.
  Time since last request: 46.966498 seconds.
  path: Assets/prefabs/Projectile Projection 3D/Cannon.prefab
  artifactKey: Guid(58c5085605159ae43b535fa21f8d3474) Importer(815301076,1909f56bfc062723c751e8b465ee728b)
Start importing Assets/prefabs/Projectile Projection 3D/Cannon.prefab using Guid(58c5085605159ae43b535fa21f8d3474) Importer(815301076,1909f56bfc062723c751e8b465ee728b)  -> (artifact id: '9ebc91f250b555449c2c3d55e1f60279') in 0.163571 seconds 
========================================================================
Received Import Request.
  Time since last request: 9.866558 seconds.
  path: Assets/prefabs/Projectile Projection 3D/CannonBall.prefab
  artifactKey: Guid(36976d0913d4d2143b7ec2195ab339e4) Importer(815301076,1909f56bfc062723c751e8b465ee728b)
Start importing Assets/prefabs/Projectile Projection 3D/CannonBall.prefab using Guid(36976d0913d4d2143b7ec2195ab339e4) Importer(815301076,1909f56bfc062723c751e8b465ee728b)  -> (artifact id: '61426dbb22fbfc93ff465d2edc59de07') in 0.021948 seconds 
========================================================================
Received Import Request.
  Time since last request: 5.748738 seconds.
  path: Assets/prefabs/Projectile Projection 3D/Explosion.prefab
  artifactKey: Guid(bfe66bccbf1de304695a06472a63da73) Importer(815301076,1909f56bfc062723c751e8b465ee728b)
Start importing Assets/prefabs/Projectile Projection 3D/Explosion.prefab using Guid(bfe66bccbf1de304695a06472a63da73) Importer(815301076,1909f56bfc062723c751e8b465ee728b)  -> (artifact id: '2e280aa5a8d159eeca72556a9c6c9ca0') in 0.013218 seconds 
========================================================================
Received Import Request.
  Time since last request: 2.670326 seconds.
  path: Assets/prefabs/Projectile Projection 3D/Wall.prefab
  artifactKey: Guid(8eaf5e84b2ada1e46b6e9424be3f5ce4) Importer(815301076,1909f56bfc062723c751e8b465ee728b)
Start importing Assets/prefabs/Projectile Projection 3D/Wall.prefab using Guid(8eaf5e84b2ada1e46b6e9424be3f5ce4) Importer(815301076,1909f56bfc062723c751e8b465ee728b)  -> (artifact id: 'ee097f831e38dc000949c6fa255d35d4') in 0.011202 seconds 
========================================================================
Received Prepare
Registering precompiled user dll's ...
Registered in 0.005111 seconds.
Begin MonoManager ReloadAssembly
Symbol file LoadedFromMemory doesn't match image /Volumes/SSDSamSung/development/project_unity/Library/PackageCache/com.unity.visualscripting@1.7.8/Editor/VisualScripting.Core/Dependencies/YamlDotNet/Unity.VisualScripting.YamlDotNet.dll
Symbol file LoadedFromMemory doesn't match image /Volumes/SSDSamSung/development/project_unity/Library/PackageCache/com.unity.visualscripting@1.7.8/Editor/VisualScripting.Core/Dependencies/DotNetZip/Unity.VisualScripting.IonicZip.dll
Native extension for OSXStandalone target not found
Native extension for WebGL target not found
Refreshing native plugins compatible for Editor in 2.18 ms, found 4 plugins.
Preloading 0 native plugins for Editor in 0.00 ms.
Mono: successfully reloaded assembly
- Completed reload, in  2.895 seconds
Domain Reload Profiling:
	ReloadAssembly (2896ms)
		BeginReloadAssembly (366ms)
			ExecutionOrderSort (0ms)
			DisableScriptedObjects (14ms)
			BackupInstance (0ms)
			ReleaseScriptingObjects (0ms)
			CreateAndSetChildDomain (152ms)
		EndReloadAssembly (2304ms)
			LoadAssemblies (236ms)
			RebuildTransferFunctionScriptingTraits (0ms)
			SetupTypeCache (725ms)
			ReleaseScriptCaches (4ms)
			RebuildScriptCaches (194ms)
			SetupLoadedEditorAssemblies (1111ms)
				LogAssemblyErrors (0ms)
				InitializePlatformSupportModulesInManaged (22ms)
				SetLoadedEditorAssemblies (1ms)
				RefreshPlugins (2ms)
				BeforeProcessingInitializeOnLoad (186ms)
				ProcessInitializeOnLoadAttributes (816ms)
				ProcessInitializeOnLoadMethodAttributes (79ms)
				AfterProcessingInitializeOnLoad (5ms)
				EditorAssembliesLoaded (0ms)
			ExecutionOrderSort2 (0ms)
			AwakeInstancesAfterBackupRestoration (16ms)
Platform modules already initialized, skipping
Refreshing native plugins compatible for Editor in 4.87 ms, found 4 plugins.
Preloading 0 native plugins for Editor in 0.00 ms.
Unloading 7669 Unused Serialized files (Serialized files now loaded: 0)
Unloading 152 unused Assets / (9.5 MB). Loaded Objects now: 8287.
Memory consumption went from 0.55 GB to 0.54 GB.
Total: 8.621955 ms (FindLiveObjects: 0.890915 ms CreateObjectMapping: 0.918284 ms MarkObjects: 4.380099 ms  DeleteObjects: 2.431521 ms)

AssetImportParameters requested are different than current active one (requested -> active):
  custom:video-decoder-ogg-theora: a1e56fd34408186e4bbccfd4996cb3dc -> 
  custom:container-muxer-webm: aa71ff27fc2769a1b78a27578f13a17b -> 
  custom:container-demuxer-webm: 4f35f7cbe854078d1ac9338744f61a02 -> 
  custom:video-encoder-webm-vp8: eb34c28f22e8b96e1ab97ce403110664 -> 
  custom:framework-osx-AVFoundation: e770b220cccbd017edd2c1fefb359320 -> 
  custom:audio-encoder-webm-vorbis: bf7c407c2cedff20999df2af8eb42d56 -> 
  custom:container-demuxer-ogg: 62fdf1f143b41e24485cea50d1cbac27 -> 
  custom:video-decoder-webm-vp8: 9c59270c3fd7afecdb556c50c9e8de78 -> 
  custom:audio-decoder-ogg-vorbis: bf7c407c2cedff20999df2af8eb42d56 -> 
========================================================================
Received Import Request.
  Time since last request: 32.845584 seconds.
  path: Assets/prefabs/Projectile Projection 3D/ProjectileProjection3DCannon.prefab
  artifactKey: Guid(58c5085605159ae43b535fa21f8d3474) Importer(815301076,1909f56bfc062723c751e8b465ee728b)
Start importing Assets/prefabs/Projectile Projection 3D/ProjectileProjection3DCannon.prefab using Guid(58c5085605159ae43b535fa21f8d3474) Importer(815301076,1909f56bfc062723c751e8b465ee728b)  -> (artifact id: '36254f0fa6b128c1ff07343038fc00af') in 0.111829 seconds 
========================================================================
Received Import Request.
  Time since last request: 24.405882 seconds.
  path: Assets/prefabs/Projectile Projection 3D/ProjectileProjection3DCannon.prefab
  artifactKey: Guid(58c5085605159ae43b535fa21f8d3474) Importer(815301076,1909f56bfc062723c751e8b465ee728b)
Start importing Assets/prefabs/Projectile Projection 3D/ProjectileProjection3DCannon.prefab using Guid(58c5085605159ae43b535fa21f8d3474) Importer(815301076,1909f56bfc062723c751e8b465ee728b)  -> (artifact id: '75699678ea9851940dc2fd370bf0f873') in 0.015368 seconds 
========================================================================
Received Import Request.
  Time since last request: 7.344214 seconds.
  path: Assets/prefabs/Projectile Projection 3D/ProjectileProjection3DWall.prefab
  artifactKey: Guid(8eaf5e84b2ada1e46b6e9424be3f5ce4) Importer(815301076,1909f56bfc062723c751e8b465ee728b)
Start importing Assets/prefabs/Projectile Projection 3D/ProjectileProjection3DWall.prefab using Guid(8eaf5e84b2ada1e46b6e9424be3f5ce4) Importer(815301076,1909f56bfc062723c751e8b465ee728b)  -> (artifact id: 'c151305358a0326f1739bbfe6d55309f') in 0.011468 seconds 
========================================================================
Received Import Request.
  Time since last request: 1.030917 seconds.
  path: Assets/prefabs/Projectile Projection 3D/ProjectileProjection3DCannon.prefab
  artifactKey: Guid(58c5085605159ae43b535fa21f8d3474) Importer(815301076,1909f56bfc062723c751e8b465ee728b)
Start importing Assets/prefabs/Projectile Projection 3D/ProjectileProjection3DCannon.prefab using Guid(58c5085605159ae43b535fa21f8d3474) Importer(815301076,1909f56bfc062723c751e8b465ee728b)  -> (artifact id: '300df54fe60fa5654c4d4ed10e2ed971') in 0.012561 seconds 
========================================================================
Received Import Request.
  Time since last request: 13.495396 seconds.
  path: Assets/scripts/Projectile Projection 3D/CannonController.cs
  artifactKey: Guid(616151d78b83f0c47bfbf2d1fe844f26) Importer(815301076,1909f56bfc062723c751e8b465ee728b)
Start importing Assets/scripts/Projectile Projection 3D/CannonController.cs using Guid(616151d78b83f0c47bfbf2d1fe844f26) Importer(815301076,1909f56bfc062723c751e8b465ee728b)  -> (artifact id: 'e57113b785916a85471214479b42dc3d') in 0.201627 seconds 
========================================================================
Received Prepare
Registering precompiled user dll's ...
Registered in 0.008169 seconds.
Begin MonoManager ReloadAssembly
Symbol file LoadedFromMemory doesn't match image /Volumes/SSDSamSung/development/project_unity/Library/PackageCache/com.unity.visualscripting@1.7.8/Editor/VisualScripting.Core/Dependencies/YamlDotNet/Unity.VisualScripting.YamlDotNet.dll
Symbol file LoadedFromMemory doesn't match image /Volumes/SSDSamSung/development/project_unity/Library/PackageCache/com.unity.visualscripting@1.7.8/Editor/VisualScripting.Core/Dependencies/DotNetZip/Unity.VisualScripting.IonicZip.dll
Native extension for OSXStandalone target not found
Native extension for WebGL target not found
Refreshing native plugins compatible for Editor in 2.33 ms, found 4 plugins.
Preloading 0 native plugins for Editor in 0.00 ms.
Mono: successfully reloaded assembly
- Completed reload, in  3.099 seconds
Domain Reload Profiling:
	ReloadAssembly (3100ms)
		BeginReloadAssembly (358ms)
			ExecutionOrderSort (0ms)
			DisableScriptedObjects (14ms)
			BackupInstance (0ms)
			ReleaseScriptingObjects (0ms)
			CreateAndSetChildDomain (148ms)
		EndReloadAssembly (2550ms)
			LoadAssemblies (325ms)
			RebuildTransferFunctionScriptingTraits (0ms)
			SetupTypeCache (839ms)
			ReleaseScriptCaches (5ms)
			RebuildScriptCaches (194ms)
			SetupLoadedEditorAssemblies (1137ms)
				LogAssemblyErrors (0ms)
				InitializePlatformSupportModulesInManaged (21ms)
				SetLoadedEditorAssemblies (1ms)
				RefreshPlugins (2ms)
				BeforeProcessingInitializeOnLoad (192ms)
				ProcessInitializeOnLoadAttributes (835ms)
				ProcessInitializeOnLoadMethodAttributes (81ms)
				AfterProcessingInitializeOnLoad (4ms)
				EditorAssembliesLoaded (0ms)
			ExecutionOrderSort2 (0ms)
			AwakeInstancesAfterBackupRestoration (14ms)
Platform modules already initialized, skipping
Refreshing native plugins compatible for Editor in 4.72 ms, found 4 plugins.
Preloading 0 native plugins for Editor in 0.00 ms.
Unloading 7669 Unused Serialized files (Serialized files now loaded: 0)
Unloading 152 unused Assets / (9.5 MB). Loaded Objects now: 8303.
Memory consumption went from 0.62 GB to 0.61 GB.
Total: 8.383015 ms (FindLiveObjects: 0.895193 ms CreateObjectMapping: 0.760622 ms MarkObjects: 4.182528 ms  DeleteObjects: 2.543601 ms)

AssetImportParameters requested are different than current active one (requested -> active):
  custom:video-decoder-ogg-theora: a1e56fd34408186e4bbccfd4996cb3dc -> 
  custom:container-muxer-webm: aa71ff27fc2769a1b78a27578f13a17b -> 
  custom:container-demuxer-webm: 4f35f7cbe854078d1ac9338744f61a02 -> 
  custom:video-encoder-webm-vp8: eb34c28f22e8b96e1ab97ce403110664 -> 
  custom:framework-osx-AVFoundation: e770b220cccbd017edd2c1fefb359320 -> 
  custom:audio-encoder-webm-vorbis: bf7c407c2cedff20999df2af8eb42d56 -> 
  custom:container-demuxer-ogg: 62fdf1f143b41e24485cea50d1cbac27 -> 
  custom:video-decoder-webm-vp8: 9c59270c3fd7afecdb556c50c9e8de78 -> 
  custom:audio-decoder-ogg-vorbis: bf7c407c2cedff20999df2af8eb42d56 -> 
========================================================================
Received Import Request.
  Time since last request: 48.209392 seconds.
  path: Assets/scripts/Projectile Projection 3D/CannonController.cs
  artifactKey: Guid(616151d78b83f0c47bfbf2d1fe844f26) Importer(815301076,1909f56bfc062723c751e8b465ee728b)
Start importing Assets/scripts/Projectile Projection 3D/CannonController.cs using Guid(616151d78b83f0c47bfbf2d1fe844f26) Importer(815301076,1909f56bfc062723c751e8b465ee728b)  -> (artifact id: '09506d7705bce45117a927ccdf05ad21') in 0.016819 seconds 
========================================================================
Received Import Request.
  Time since last request: 3.767820 seconds.
  path: Assets/scripts/Projectile Projection 3D/ProjectileProjection3DCannonController.cs
  artifactKey: Guid(616151d78b83f0c47bfbf2d1fe844f26) Importer(815301076,1909f56bfc062723c751e8b465ee728b)
Start importing Assets/scripts/Projectile Projection 3D/ProjectileProjection3DCannonController.cs using Guid(616151d78b83f0c47bfbf2d1fe844f26) Importer(815301076,1909f56bfc062723c751e8b465ee728b)  -> (artifact id: 'c41a65ed0c46e95d572ca6c9dae10aa1') in 0.003014 seconds 
========================================================================
Received Import Request.
  Time since last request: 1.020626 seconds.
  path: Assets/scripts/Projectile Projection 3D/DrawProjection.cs
  artifactKey: Guid(b0407d4630fee844e8e4f92b458bf7ed) Importer(815301076,1909f56bfc062723c751e8b465ee728b)
Start importing Assets/scripts/Projectile Projection 3D/DrawProjection.cs using Guid(b0407d4630fee844e8e4f92b458bf7ed) Importer(815301076,1909f56bfc062723c751e8b465ee728b)  -> (artifact id: 'fd42aea3abf3975d4b4e1755809f5f50') in 0.002224 seconds 
========================================================================
Received Import Request.
  Time since last request: 10.487850 seconds.
  path: Assets/scripts/Projectile Projection 3D/DrawProjection.cs
  artifactKey: Guid(b0407d4630fee844e8e4f92b458bf7ed) Importer(815301076,1909f56bfc062723c751e8b465ee728b)
Start importing Assets/scripts/Projectile Projection 3D/DrawProjection.cs using Guid(b0407d4630fee844e8e4f92b458bf7ed) Importer(815301076,1909f56bfc062723c751e8b465ee728b)  -> (artifact id: '94e0370da06443e1ddd1492a10de9ea1') in 0.002249 seconds 
========================================================================
Received Import Request.
  Time since last request: 3.509100 seconds.
  path: Assets/scripts/Projectile Projection 3D/ProjectileProjection3DDrawProjection.cs
  artifactKey: Guid(b0407d4630fee844e8e4f92b458bf7ed) Importer(815301076,1909f56bfc062723c751e8b465ee728b)
Start importing Assets/scripts/Projectile Projection 3D/ProjectileProjection3DDrawProjection.cs using Guid(b0407d4630fee844e8e4f92b458bf7ed) Importer(815301076,1909f56bfc062723c751e8b465ee728b)  -> (artifact id: '7da87aebf49801954df1013ca6c46817') in 0.002440 seconds 
========================================================================
Received Prepare
Registering precompiled user dll's ...
Registered in 0.004530 seconds.
Begin MonoManager ReloadAssembly
Symbol file LoadedFromMemory doesn't match image /Volumes/SSDSamSung/development/project_unity/Library/PackageCache/com.unity.visualscripting@1.7.8/Editor/VisualScripting.Core/Dependencies/YamlDotNet/Unity.VisualScripting.YamlDotNet.dll
Symbol file LoadedFromMemory doesn't match image /Volumes/SSDSamSung/development/project_unity/Library/PackageCache/com.unity.visualscripting@1.7.8/Editor/VisualScripting.Core/Dependencies/DotNetZip/Unity.VisualScripting.IonicZip.dll
Native extension for OSXStandalone target not found
Native extension for WebGL target not found
Refreshing native plugins compatible for Editor in 1.96 ms, found 4 plugins.
Preloading 0 native plugins for Editor in 0.00 ms.
Mono: successfully reloaded assembly
- Completed reload, in  2.372 seconds
Domain Reload Profiling:
	ReloadAssembly (2373ms)
		BeginReloadAssembly (308ms)
			ExecutionOrderSort (0ms)
			DisableScriptedObjects (11ms)
			BackupInstance (0ms)
			ReleaseScriptingObjects (0ms)
			CreateAndSetChildDomain (129ms)
		EndReloadAssembly (1917ms)
			LoadAssemblies (272ms)
			RebuildTransferFunctionScriptingTraits (0ms)
			SetupTypeCache (567ms)
			ReleaseScriptCaches (4ms)
			RebuildScriptCaches (146ms)
			SetupLoadedEditorAssemblies (892ms)
				LogAssemblyErrors (0ms)
				InitializePlatformSupportModulesInManaged (14ms)
				SetLoadedEditorAssemblies (1ms)
				RefreshPlugins (2ms)
				BeforeProcessingInitializeOnLoad (160ms)
				ProcessInitializeOnLoadAttributes (651ms)
				ProcessInitializeOnLoadMethodAttributes (60ms)
				AfterProcessingInitializeOnLoad (3ms)
				EditorAssembliesLoaded (0ms)
			ExecutionOrderSort2 (0ms)
			AwakeInstancesAfterBackupRestoration (13ms)
Platform modules already initialized, skipping
Refreshing native plugins compatible for Editor in 4.81 ms, found 4 plugins.
Preloading 0 native plugins for Editor in 0.00 ms.
Unloading 7669 Unused Serialized files (Serialized files now loaded: 0)
Unloading 147 unused Assets / (9.5 MB). Loaded Objects now: 8319.
Memory consumption went from 0.61 GB to 0.60 GB.
Total: 10.921254 ms (FindLiveObjects: 0.935516 ms CreateObjectMapping: 1.011546 ms MarkObjects: 5.093216 ms  DeleteObjects: 3.879425 ms)

AssetImportParameters requested are different than current active one (requested -> active):
  custom:video-decoder-ogg-theora: a1e56fd34408186e4bbccfd4996cb3dc -> 
  custom:container-muxer-webm: aa71ff27fc2769a1b78a27578f13a17b -> 
  custom:container-demuxer-webm: 4f35f7cbe854078d1ac9338744f61a02 -> 
  custom:video-encoder-webm-vp8: eb34c28f22e8b96e1ab97ce403110664 -> 
  custom:framework-osx-AVFoundation: e770b220cccbd017edd2c1fefb359320 -> 
  custom:audio-encoder-webm-vorbis: bf7c407c2cedff20999df2af8eb42d56 -> 
  custom:container-demuxer-ogg: 62fdf1f143b41e24485cea50d1cbac27 -> 
  custom:video-decoder-webm-vp8: 9c59270c3fd7afecdb556c50c9e8de78 -> 
  custom:audio-decoder-ogg-vorbis: bf7c407c2cedff20999df2af8eb42d56 -> 
========================================================================
Received Prepare
Registering precompiled user dll's ...
Registered in 0.006404 seconds.
Begin MonoManager ReloadAssembly
Symbol file LoadedFromMemory doesn't match image /Volumes/SSDSamSung/development/project_unity/Library/PackageCache/com.unity.visualscripting@1.7.8/Editor/VisualScripting.Core/Dependencies/YamlDotNet/Unity.VisualScripting.YamlDotNet.dll
Symbol file LoadedFromMemory doesn't match image /Volumes/SSDSamSung/development/project_unity/Library/PackageCache/com.unity.visualscripting@1.7.8/Editor/VisualScripting.Core/Dependencies/DotNetZip/Unity.VisualScripting.IonicZip.dll
Native extension for OSXStandalone target not found
Native extension for WebGL target not found
Refreshing native plugins compatible for Editor in 1.53 ms, found 4 plugins.
Preloading 0 native plugins for Editor in 0.00 ms.
Mono: successfully reloaded assembly
- Completed reload, in  2.254 seconds
Domain Reload Profiling:
	ReloadAssembly (2255ms)
		BeginReloadAssembly (231ms)
			ExecutionOrderSort (0ms)
			DisableScriptedObjects (13ms)
			BackupInstance (0ms)
			ReleaseScriptingObjects (0ms)
			CreateAndSetChildDomain (116ms)
		EndReloadAssembly (1870ms)
			LoadAssemblies (130ms)
			RebuildTransferFunctionScriptingTraits (0ms)
			SetupTypeCache (580ms)
			ReleaseScriptCaches (5ms)
			RebuildScriptCaches (141ms)
			SetupLoadedEditorAssemblies (912ms)
				LogAssemblyErrors (0ms)
				InitializePlatformSupportModulesInManaged (16ms)
				SetLoadedEditorAssemblies (1ms)
				RefreshPlugins (2ms)
				BeforeProcessingInitializeOnLoad (158ms)
				ProcessInitializeOnLoadAttributes (663ms)
				ProcessInitializeOnLoadMethodAttributes (67ms)
				AfterProcessingInitializeOnLoad (4ms)
				EditorAssembliesLoaded (0ms)
			ExecutionOrderSort2 (0ms)
			AwakeInstancesAfterBackupRestoration (15ms)
Platform modules already initialized, skipping
Refreshing native plugins compatible for Editor in 3.13 ms, found 4 plugins.
Preloading 0 native plugins for Editor in 0.00 ms.
Unloading 7669 Unused Serialized files (Serialized files now loaded: 0)
Unloading 147 unused Assets / (9.5 MB). Loaded Objects now: 8335.
Memory consumption went from 0.60 GB to 0.60 GB.
Total: 9.892388 ms (FindLiveObjects: 0.738803 ms CreateObjectMapping: 0.885709 ms MarkObjects: 5.391962 ms  DeleteObjects: 2.874776 ms)

AssetImportParameters requested are different than current active one (requested -> active):
  custom:video-decoder-ogg-theora: a1e56fd34408186e4bbccfd4996cb3dc -> 
  custom:container-muxer-webm: aa71ff27fc2769a1b78a27578f13a17b -> 
  custom:container-demuxer-webm: 4f35f7cbe854078d1ac9338744f61a02 -> 
  custom:video-encoder-webm-vp8: eb34c28f22e8b96e1ab97ce403110664 -> 
  custom:framework-osx-AVFoundation: e770b220cccbd017edd2c1fefb359320 -> 
  custom:audio-encoder-webm-vorbis: bf7c407c2cedff20999df2af8eb42d56 -> 
  custom:container-demuxer-ogg: 62fdf1f143b41e24485cea50d1cbac27 -> 
  custom:video-decoder-webm-vp8: 9c59270c3fd7afecdb556c50c9e8de78 -> 
  custom:audio-decoder-ogg-vorbis: bf7c407c2cedff20999df2af8eb42d56 -> 
========================================================================
Received Import Request.
  Time since last request: 60.426750 seconds.
  path: Assets/scripts/Projectile Projection 3D/ProjectileProjection3DScreenshake.cs
  artifactKey: Guid(6cbe999eac6f80d4a8f7971e50e57e9f) Importer(815301076,1909f56bfc062723c751e8b465ee728b)
Start importing Assets/scripts/Projectile Projection 3D/ProjectileProjection3DScreenshake.cs using Guid(6cbe999eac6f80d4a8f7971e50e57e9f) Importer(815301076,1909f56bfc062723c751e8b465ee728b)  -> (artifact id: '04105ba2f533d5c39af32e714ff98a17') in 0.019613 seconds 
========================================================================
Received Import Request.
  Time since last request: 4.345617 seconds.
  path: Assets/prefabs/Projectile Projection 3D/ProjectileProjection3DCannon.prefab
  artifactKey: Guid(58c5085605159ae43b535fa21f8d3474) Importer(815301076,1909f56bfc062723c751e8b465ee728b)
Start importing Assets/prefabs/Projectile Projection 3D/ProjectileProjection3DCannon.prefab using Guid(58c5085605159ae43b535fa21f8d3474) Importer(815301076,1909f56bfc062723c751e8b465ee728b)  -> (artifact id: '14c535d2dfe999cd1d2e5efccd11b9aa') in 0.089970 seconds 
========================================================================
Received Import Request.
  Time since last request: 3.300060 seconds.
  path: Assets/prefabs/Projectile Projection 3D/ProjectileProjection3DCannonBall.prefab
  artifactKey: Guid(36976d0913d4d2143b7ec2195ab339e4) Importer(815301076,1909f56bfc062723c751e8b465ee728b)
Start importing Assets/prefabs/Projectile Projection 3D/ProjectileProjection3DCannonBall.prefab using Guid(36976d0913d4d2143b7ec2195ab339e4) Importer(815301076,1909f56bfc062723c751e8b465ee728b)  -> (artifact id: '90e3506eb8a82523e32ab0c5e65daa01') in 0.038097 seconds 
========================================================================
Received Import Request.
  Time since last request: 2.327862 seconds.
  path: Assets/prefabs/Projectile Projection 3D/ProjectileProjection3DExplosion.prefab
  artifactKey: Guid(bfe66bccbf1de304695a06472a63da73) Importer(815301076,1909f56bfc062723c751e8b465ee728b)
Start importing Assets/prefabs/Projectile Projection 3D/ProjectileProjection3DExplosion.prefab using Guid(bfe66bccbf1de304695a06472a63da73) Importer(815301076,1909f56bfc062723c751e8b465ee728b)  -> (artifact id: 'd147f344bf18476c25a12b27479e6fdb') in 0.015577 seconds 
========================================================================
Received Prepare
Registering precompiled user dll's ...
Registered in 0.005070 seconds.
Begin MonoManager ReloadAssembly
Symbol file LoadedFromMemory doesn't match image /Volumes/SSDSamSung/development/project_unity/Library/PackageCache/com.unity.visualscripting@1.7.8/Editor/VisualScripting.Core/Dependencies/YamlDotNet/Unity.VisualScripting.YamlDotNet.dll
Symbol file LoadedFromMemory doesn't match image /Volumes/SSDSamSung/development/project_unity/Library/PackageCache/com.unity.visualscripting@1.7.8/Editor/VisualScripting.Core/Dependencies/DotNetZip/Unity.VisualScripting.IonicZip.dll
Native extension for OSXStandalone target not found
Native extension for WebGL target not found
Refreshing native plugins compatible for Editor in 1.70 ms, found 4 plugins.
Preloading 0 native plugins for Editor in 0.00 ms.
Mono: successfully reloaded assembly
- Completed reload, in  2.242 seconds
Domain Reload Profiling:
	ReloadAssembly (2243ms)
		BeginReloadAssembly (238ms)
			ExecutionOrderSort (0ms)
			DisableScriptedObjects (8ms)
			BackupInstance (0ms)
			ReleaseScriptingObjects (0ms)
			CreateAndSetChildDomain (131ms)
		EndReloadAssembly (1860ms)
			LoadAssemblies (124ms)
			RebuildTransferFunctionScriptingTraits (0ms)
			SetupTypeCache (572ms)
			ReleaseScriptCaches (5ms)
			RebuildScriptCaches (174ms)
			SetupLoadedEditorAssemblies (879ms)
				LogAssemblyErrors (0ms)
				InitializePlatformSupportModulesInManaged (13ms)
				SetLoadedEditorAssemblies (1ms)
				RefreshPlugins (2ms)
				BeforeProcessingInitializeOnLoad (164ms)
				ProcessInitializeOnLoadAttributes (638ms)
				ProcessInitializeOnLoadMethodAttributes (57ms)
				AfterProcessingInitializeOnLoad (4ms)
				EditorAssembliesLoaded (0ms)
			ExecutionOrderSort2 (0ms)
			AwakeInstancesAfterBackupRestoration (14ms)
Platform modules already initialized, skipping
Refreshing native plugins compatible for Editor in 3.30 ms, found 4 plugins.
Preloading 0 native plugins for Editor in 0.00 ms.
Unloading 7669 Unused Serialized files (Serialized files now loaded: 0)
Unloading 152 unused Assets / (9.5 MB). Loaded Objects now: 8351.
Memory consumption went from 0.60 GB to 0.59 GB.
Total: 10.277695 ms (FindLiveObjects: 1.033566 ms CreateObjectMapping: 1.345543 ms MarkObjects: 4.933518 ms  DeleteObjects: 2.963809 ms)

AssetImportParameters requested are different than current active one (requested -> active):
  custom:video-decoder-ogg-theora: a1e56fd34408186e4bbccfd4996cb3dc -> 
  custom:container-muxer-webm: aa71ff27fc2769a1b78a27578f13a17b -> 
  custom:container-demuxer-webm: 4f35f7cbe854078d1ac9338744f61a02 -> 
  custom:video-encoder-webm-vp8: eb34c28f22e8b96e1ab97ce403110664 -> 
  custom:framework-osx-AVFoundation: e770b220cccbd017edd2c1fefb359320 -> 
  custom:audio-encoder-webm-vorbis: bf7c407c2cedff20999df2af8eb42d56 -> 
  custom:container-demuxer-ogg: 62fdf1f143b41e24485cea50d1cbac27 -> 
  custom:video-decoder-webm-vp8: 9c59270c3fd7afecdb556c50c9e8de78 -> 
  custom:audio-decoder-ogg-vorbis: bf7c407c2cedff20999df2af8eb42d56 -> 
========================================================================
Received Prepare
Registering precompiled user dll's ...
Registered in 0.004936 seconds.
Begin MonoManager ReloadAssembly
Symbol file LoadedFromMemory doesn't match image /Volumes/SSDSamSung/development/project_unity/Library/PackageCache/com.unity.visualscripting@1.7.8/Editor/VisualScripting.Core/Dependencies/YamlDotNet/Unity.VisualScripting.YamlDotNet.dll
Symbol file LoadedFromMemory doesn't match image /Volumes/SSDSamSung/development/project_unity/Library/PackageCache/com.unity.visualscripting@1.7.8/Editor/VisualScripting.Core/Dependencies/DotNetZip/Unity.VisualScripting.IonicZip.dll
Native extension for OSXStandalone target not found
Native extension for WebGL target not found
Refreshing native plugins compatible for Editor in 2.48 ms, found 4 plugins.
Preloading 0 native plugins for Editor in 0.00 ms.
Mono: successfully reloaded assembly
- Completed reload, in  2.883 seconds
Domain Reload Profiling:
	ReloadAssembly (2885ms)
		BeginReloadAssembly (289ms)
			ExecutionOrderSort (0ms)
			DisableScriptedObjects (12ms)
			BackupInstance (0ms)
			ReleaseScriptingObjects (0ms)
			CreateAndSetChildDomain (135ms)
		EndReloadAssembly (2342ms)
			LoadAssemblies (180ms)
			RebuildTransferFunctionScriptingTraits (0ms)
			SetupTypeCache (717ms)
			ReleaseScriptCaches (6ms)
			RebuildScriptCaches (227ms)
			SetupLoadedEditorAssemblies (1102ms)
				LogAssemblyErrors (0ms)
				InitializePlatformSupportModulesInManaged (19ms)
				SetLoadedEditorAssemblies (1ms)
				RefreshPlugins (3ms)
				BeforeProcessingInitializeOnLoad (191ms)
				ProcessInitializeOnLoadAttributes (804ms)
				ProcessInitializeOnLoadMethodAttributes (78ms)
				AfterProcessingInitializeOnLoad (5ms)
				EditorAssembliesLoaded (1ms)
			ExecutionOrderSort2 (0ms)
			AwakeInstancesAfterBackupRestoration (18ms)
Platform modules already initialized, skipping
Refreshing native plugins compatible for Editor in 9.71 ms, found 4 plugins.
Preloading 0 native plugins for Editor in 0.00 ms.
Unloading 7669 Unused Serialized files (Serialized files now loaded: 0)
Unloading 147 unused Assets / (9.5 MB). Loaded Objects now: 8367.
Memory consumption went from 0.59 GB to 0.58 GB.
Total: 13.266839 ms (FindLiveObjects: 1.095538 ms CreateObjectMapping: 1.383739 ms MarkObjects: 7.317440 ms  DeleteObjects: 3.468517 ms)

AssetImportParameters requested are different than current active one (requested -> active):
  custom:video-decoder-ogg-theora: a1e56fd34408186e4bbccfd4996cb3dc -> 
  custom:container-muxer-webm: aa71ff27fc2769a1b78a27578f13a17b -> 
  custom:container-demuxer-webm: 4f35f7cbe854078d1ac9338744f61a02 -> 
  custom:video-encoder-webm-vp8: eb34c28f22e8b96e1ab97ce403110664 -> 
  custom:framework-osx-AVFoundation: e770b220cccbd017edd2c1fefb359320 -> 
  custom:audio-encoder-webm-vorbis: bf7c407c2cedff20999df2af8eb42d56 -> 
  custom:container-demuxer-ogg: 62fdf1f143b41e24485cea50d1cbac27 -> 
  custom:video-decoder-webm-vp8: 9c59270c3fd7afecdb556c50c9e8de78 -> 
  custom:audio-decoder-ogg-vorbis: bf7c407c2cedff20999df2af8eb42d56 -> 
========================================================================
Received Prepare
Registering precompiled user dll's ...
Registered in 0.007814 seconds.
Begin MonoManager ReloadAssembly
Symbol file LoadedFromMemory doesn't match image /Volumes/SSDSamSung/development/project_unity/Library/PackageCache/com.unity.visualscripting@1.7.8/Editor/VisualScripting.Core/Dependencies/YamlDotNet/Unity.VisualScripting.YamlDotNet.dll
Symbol file LoadedFromMemory doesn't match image /Volumes/SSDSamSung/development/project_unity/Library/PackageCache/com.unity.visualscripting@1.7.8/Editor/VisualScripting.Core/Dependencies/DotNetZip/Unity.VisualScripting.IonicZip.dll
Native extension for OSXStandalone target not found
Native extension for WebGL target not found
Refreshing native plugins compatible for Editor in 2.94 ms, found 4 plugins.
Preloading 0 native plugins for Editor in 0.00 ms.
Mono: successfully reloaded assembly
- Completed reload, in  2.864 seconds
Domain Reload Profiling:
	ReloadAssembly (2865ms)
		BeginReloadAssembly (321ms)
			ExecutionOrderSort (0ms)
			DisableScriptedObjects (13ms)
			BackupInstance (0ms)
			ReleaseScriptingObjects (0ms)
			CreateAndSetChildDomain (139ms)
		EndReloadAssembly (2352ms)
			LoadAssemblies (207ms)
			RebuildTransferFunctionScriptingTraits (0ms)
			SetupTypeCache (726ms)
			ReleaseScriptCaches (5ms)
			RebuildScriptCaches (190ms)
			SetupLoadedEditorAssemblies (1149ms)
				LogAssemblyErrors (0ms)
				InitializePlatformSupportModulesInManaged (19ms)
				SetLoadedEditorAssemblies (1ms)
				RefreshPlugins (3ms)
				BeforeProcessingInitializeOnLoad (194ms)
				ProcessInitializeOnLoadAttributes (826ms)
				ProcessInitializeOnLoadMethodAttributes (102ms)
				AfterProcessingInitializeOnLoad (4ms)
				EditorAssembliesLoaded (0ms)
			ExecutionOrderSort2 (0ms)
			AwakeInstancesAfterBackupRestoration (20ms)
Platform modules already initialized, skipping
Refreshing native plugins compatible for Editor in 5.98 ms, found 4 plugins.
Preloading 0 native plugins for Editor in 0.00 ms.
Unloading 7669 Unused Serialized files (Serialized files now loaded: 0)
Unloading 147 unused Assets / (9.5 MB). Loaded Objects now: 8383.
Memory consumption went from 0.59 GB to 0.58 GB.
Total: 9.808768 ms (FindLiveObjects: 0.815743 ms CreateObjectMapping: 1.124240 ms MarkObjects: 5.085704 ms  DeleteObjects: 2.781877 ms)

AssetImportParameters requested are different than current active one (requested -> active):
  custom:video-decoder-ogg-theora: a1e56fd34408186e4bbccfd4996cb3dc -> 
  custom:container-muxer-webm: aa71ff27fc2769a1b78a27578f13a17b -> 
  custom:container-demuxer-webm: 4f35f7cbe854078d1ac9338744f61a02 -> 
  custom:video-encoder-webm-vp8: eb34c28f22e8b96e1ab97ce403110664 -> 
  custom:framework-osx-AVFoundation: e770b220cccbd017edd2c1fefb359320 -> 
  custom:audio-encoder-webm-vorbis: bf7c407c2cedff20999df2af8eb42d56 -> 
  custom:container-demuxer-ogg: 62fdf1f143b41e24485cea50d1cbac27 -> 
  custom:video-decoder-webm-vp8: 9c59270c3fd7afecdb556c50c9e8de78 -> 
  custom:audio-decoder-ogg-vorbis: bf7c407c2cedff20999df2af8eb42d56 -> 
========================================================================
Received Import Request.
  Time since last request: 130.044984 seconds.
  path: Assets/prefabs/Projectile Projection 3D/ProjectileProjection3DCannon.prefab
  artifactKey: Guid(58c5085605159ae43b535fa21f8d3474) Importer(815301076,1909f56bfc062723c751e8b465ee728b)
Start importing Assets/prefabs/Projectile Projection 3D/ProjectileProjection3DCannon.prefab using Guid(58c5085605159ae43b535fa21f8d3474) Importer(815301076,1909f56bfc062723c751e8b465ee728b)  -> (artifact id: 'c2ccabe137a81d64a8bec9ba9a61ec43') in 0.113959 seconds 
========================================================================
Received Import Request.
  Time since last request: 15.889003 seconds.
  path: Assets/prefabs/Projectile Projection 3D/ProjectileProjection3DExplosion.prefab
  artifactKey: Guid(bfe66bccbf1de304695a06472a63da73) Importer(815301076,1909f56bfc062723c751e8b465ee728b)
Start importing Assets/prefabs/Projectile Projection 3D/ProjectileProjection3DExplosion.prefab using Guid(bfe66bccbf1de304695a06472a63da73) Importer(815301076,1909f56bfc062723c751e8b465ee728b)  -> (artifact id: 'f6c05444d3c743f37127a7aa39380ea6') in 0.050023 seconds 
========================================================================
Received Import Request.
  Time since last request: 0.416423 seconds.
  path: Assets/prefabs/Projectile Projection 3D/ProjectileProjection3DExplosion.prefab
  artifactKey: Guid(bfe66bccbf1de304695a06472a63da73) Importer(815301076,1909f56bfc062723c751e8b465ee728b)
Start importing Assets/prefabs/Projectile Projection 3D/ProjectileProjection3DExplosion.prefab using Guid(bfe66bccbf1de304695a06472a63da73) Importer(815301076,1909f56bfc062723c751e8b465ee728b)  -> (artifact id: 'b2fcf9105d6a96d890dd96b565a7252d') in 0.040509 seconds 
========================================================================
Received Import Request.
  Time since last request: 1.824817 seconds.
  path: Assets/prefabs/Projectile Projection 3D/ProjectileProjection3DExplosion.prefab
  artifactKey: Guid(bfe66bccbf1de304695a06472a63da73) Importer(815301076,1909f56bfc062723c751e8b465ee728b)
Start importing Assets/prefabs/Projectile Projection 3D/ProjectileProjection3DExplosion.prefab using Guid(bfe66bccbf1de304695a06472a63da73) Importer(815301076,1909f56bfc062723c751e8b465ee728b)  -> (artifact id: '32642ffc215336a6a4924589d3b29a8d') in 0.040517 seconds 
========================================================================
Received Prepare
Registering precompiled user dll's ...
Registered in 0.005689 seconds.
Begin MonoManager ReloadAssembly
Symbol file LoadedFromMemory doesn't match image /Volumes/SSDSamSung/development/project_unity/Library/PackageCache/com.unity.visualscripting@1.7.8/Editor/VisualScripting.Core/Dependencies/YamlDotNet/Unity.VisualScripting.YamlDotNet.dll
Symbol file LoadedFromMemory doesn't match image /Volumes/SSDSamSung/development/project_unity/Library/PackageCache/com.unity.visualscripting@1.7.8/Editor/VisualScripting.Core/Dependencies/DotNetZip/Unity.VisualScripting.IonicZip.dll
Native extension for OSXStandalone target not found
Native extension for WebGL target not found
Refreshing native plugins compatible for Editor in 1.92 ms, found 4 plugins.
Preloading 0 native plugins for Editor in 0.00 ms.
Mono: successfully reloaded assembly
- Completed reload, in  2.903 seconds
Domain Reload Profiling:
	ReloadAssembly (2904ms)
		BeginReloadAssembly (316ms)
			ExecutionOrderSort (0ms)
			DisableScriptedObjects (11ms)
			BackupInstance (0ms)
			ReleaseScriptingObjects (0ms)
			CreateAndSetChildDomain (154ms)
		EndReloadAssembly (2403ms)
			LoadAssemblies (192ms)
			RebuildTransferFunctionScriptingTraits (0ms)
			SetupTypeCache (725ms)
			ReleaseScriptCaches (4ms)
			RebuildScriptCaches (195ms)
			SetupLoadedEditorAssemblies (1185ms)
				LogAssemblyErrors (0ms)
				InitializePlatformSupportModulesInManaged (18ms)
				SetLoadedEditorAssemblies (1ms)
				RefreshPlugins (2ms)
				BeforeProcessingInitializeOnLoad (200ms)
				ProcessInitializeOnLoadAttributes (881ms)
				ProcessInitializeOnLoadMethodAttributes (78ms)
				AfterProcessingInitializeOnLoad (3ms)
				EditorAssembliesLoaded (0ms)
			ExecutionOrderSort2 (0ms)
			AwakeInstancesAfterBackupRestoration (17ms)
Platform modules already initialized, skipping
Refreshing native plugins compatible for Editor in 5.37 ms, found 4 plugins.
Preloading 0 native plugins for Editor in 0.00 ms.
Unloading 7669 Unused Serialized files (Serialized files now loaded: 0)
Unloading 152 unused Assets / (9.5 MB). Loaded Objects now: 8399.
Memory consumption went from 0.58 GB to 0.58 GB.
Total: 12.674380 ms (FindLiveObjects: 0.821051 ms CreateObjectMapping: 1.182575 ms MarkObjects: 6.537675 ms  DeleteObjects: 4.131459 ms)

AssetImportParameters requested are different than current active one (requested -> active):
  custom:video-decoder-ogg-theora: a1e56fd34408186e4bbccfd4996cb3dc -> 
  custom:container-muxer-webm: aa71ff27fc2769a1b78a27578f13a17b -> 
  custom:container-demuxer-webm: 4f35f7cbe854078d1ac9338744f61a02 -> 
  custom:video-encoder-webm-vp8: eb34c28f22e8b96e1ab97ce403110664 -> 
  custom:framework-osx-AVFoundation: e770b220cccbd017edd2c1fefb359320 -> 
  custom:audio-encoder-webm-vorbis: bf7c407c2cedff20999df2af8eb42d56 -> 
  custom:container-demuxer-ogg: 62fdf1f143b41e24485cea50d1cbac27 -> 
  custom:video-decoder-webm-vp8: 9c59270c3fd7afecdb556c50c9e8de78 -> 
  custom:audio-decoder-ogg-vorbis: bf7c407c2cedff20999df2af8eb42d56 -> 
========================================================================
Received Import Request.
  Time since last request: 18.783905 seconds.
  path: Assets/prefabs/Projectile Projection 3D/ProjectileProjection3DExplosion.prefab
  artifactKey: Guid(bfe66bccbf1de304695a06472a63da73) Importer(815301076,1909f56bfc062723c751e8b465ee728b)
Start importing Assets/prefabs/Projectile Projection 3D/ProjectileProjection3DExplosion.prefab using Guid(bfe66bccbf1de304695a06472a63da73) Importer(815301076,1909f56bfc062723c751e8b465ee728b)  -> (artifact id: '6869dc46816274535f2ea01582a6263f') in 0.104201 seconds 
========================================================================
Received Import Request.
  Time since last request: 0.576153 seconds.
  path: Assets/prefabs/Projectile Projection 3D/ProjectileProjection3DExplosion.prefab
  artifactKey: Guid(bfe66bccbf1de304695a06472a63da73) Importer(815301076,1909f56bfc062723c751e8b465ee728b)
Start importing Assets/prefabs/Projectile Projection 3D/ProjectileProjection3DExplosion.prefab using Guid(bfe66bccbf1de304695a06472a63da73) Importer(815301076,1909f56bfc062723c751e8b465ee728b)  -> (artifact id: '52f8ddead443f401fab3367fd2f4a783') in 0.043534 seconds 
========================================================================
Received Import Request.
  Time since last request: 5.713788 seconds.
  path: Assets/prefabs/Projectile Projection 3D/ProjectileProjection3DExplosion.prefab
  artifactKey: Guid(bfe66bccbf1de304695a06472a63da73) Importer(815301076,1909f56bfc062723c751e8b465ee728b)
Start importing Assets/prefabs/Projectile Projection 3D/ProjectileProjection3DExplosion.prefab using Guid(bfe66bccbf1de304695a06472a63da73) Importer(815301076,1909f56bfc062723c751e8b465ee728b)  -> (artifact id: 'ab9191a28cacd0eb53d02ad8f76e40b3') in 0.042452 seconds 
========================================================================
Received Import Request.
  Time since last request: 14.558153 seconds.
  path: Assets/prefabs/Projectile Projection 3D/ProjectileProjection3DExplosion.prefab
  artifactKey: Guid(bfe66bccbf1de304695a06472a63da73) Importer(815301076,1909f56bfc062723c751e8b465ee728b)
Start importing Assets/prefabs/Projectile Projection 3D/ProjectileProjection3DExplosion.prefab using Guid(bfe66bccbf1de304695a06472a63da73) Importer(815301076,1909f56bfc062723c751e8b465ee728b)  -> (artifact id: 'f2ac74fff7597e0b7b285d67e374daea') in 0.042243 seconds 
========================================================================
Received Prepare
Registering precompiled user dll's ...
Registered in 0.005688 seconds.
Begin MonoManager ReloadAssembly
Symbol file LoadedFromMemory doesn't match image /Volumes/SSDSamSung/development/project_unity/Library/PackageCache/com.unity.visualscripting@1.7.8/Editor/VisualScripting.Core/Dependencies/YamlDotNet/Unity.VisualScripting.YamlDotNet.dll
Symbol file LoadedFromMemory doesn't match image /Volumes/SSDSamSung/development/project_unity/Library/PackageCache/com.unity.visualscripting@1.7.8/Editor/VisualScripting.Core/Dependencies/DotNetZip/Unity.VisualScripting.IonicZip.dll
Native extension for OSXStandalone target not found
Native extension for WebGL target not found
Refreshing native plugins compatible for Editor in 2.08 ms, found 4 plugins.
Preloading 0 native plugins for Editor in 0.00 ms.
Mono: successfully reloaded assembly
- Completed reload, in  2.950 seconds
Domain Reload Profiling:
	ReloadAssembly (2951ms)
		BeginReloadAssembly (354ms)
			ExecutionOrderSort (0ms)
			DisableScriptedObjects (11ms)
			BackupInstance (0ms)
			ReleaseScriptingObjects (0ms)
			CreateAndSetChildDomain (163ms)
		EndReloadAssembly (2412ms)
			LoadAssemblies (259ms)
			RebuildTransferFunctionScriptingTraits (0ms)
			SetupTypeCache (729ms)
			ReleaseScriptCaches (4ms)
			RebuildScriptCaches (210ms)
			SetupLoadedEditorAssemblies (1148ms)
				LogAssemblyErrors (0ms)
				InitializePlatformSupportModulesInManaged (17ms)
				SetLoadedEditorAssemblies (1ms)
				RefreshPlugins (2ms)
				BeforeProcessingInitializeOnLoad (196ms)
				ProcessInitializeOnLoadAttributes (849ms)
				ProcessInitializeOnLoadMethodAttributes (79ms)
				AfterProcessingInitializeOnLoad (3ms)
				EditorAssembliesLoaded (0ms)
			ExecutionOrderSort2 (0ms)
			AwakeInstancesAfterBackupRestoration (18ms)
Platform modules already initialized, skipping
Refreshing native plugins compatible for Editor in 6.49 ms, found 4 plugins.
Preloading 0 native plugins for Editor in 0.00 ms.
Unloading 7669 Unused Serialized files (Serialized files now loaded: 0)
Unloading 149 unused Assets / (9.5 MB). Loaded Objects now: 8415.
Memory consumption went from 0.58 GB to 0.57 GB.
Total: 12.565655 ms (FindLiveObjects: 1.378728 ms CreateObjectMapping: 0.974836 ms MarkObjects: 7.424846 ms  DeleteObjects: 2.784522 ms)

AssetImportParameters requested are different than current active one (requested -> active):
  custom:video-decoder-ogg-theora: a1e56fd34408186e4bbccfd4996cb3dc -> 
  custom:container-muxer-webm: aa71ff27fc2769a1b78a27578f13a17b -> 
  custom:container-demuxer-webm: 4f35f7cbe854078d1ac9338744f61a02 -> 
  custom:video-encoder-webm-vp8: eb34c28f22e8b96e1ab97ce403110664 -> 
  custom:framework-osx-AVFoundation: e770b220cccbd017edd2c1fefb359320 -> 
  custom:audio-encoder-webm-vorbis: bf7c407c2cedff20999df2af8eb42d56 -> 
  custom:container-demuxer-ogg: 62fdf1f143b41e24485cea50d1cbac27 -> 
  custom:video-decoder-webm-vp8: 9c59270c3fd7afecdb556c50c9e8de78 -> 
  custom:audio-decoder-ogg-vorbis: bf7c407c2cedff20999df2af8eb42d56 -> 
========================================================================
Received Import Request.
  Time since last request: 20.311528 seconds.
  path: Assets/prefabs/Projectile Projection 3D/ProjectileProjection3DExplosion.prefab
  artifactKey: Guid(bfe66bccbf1de304695a06472a63da73) Importer(815301076,1909f56bfc062723c751e8b465ee728b)
Start importing Assets/prefabs/Projectile Projection 3D/ProjectileProjection3DExplosion.prefab using Guid(bfe66bccbf1de304695a06472a63da73) Importer(815301076,1909f56bfc062723c751e8b465ee728b)  -> (artifact id: 'aff1fe6968525d772e3b1aae6fa1e534') in 0.097317 seconds 
